<?xml version="1.0" encoding="UTF-8"?>
<testng-results ignored="0" total="1" passed="1" failed="0" skipped="0">
  <reporter-output>
  </reporter-output>
  <suite started-at="2023-12-04T10:48:59 CST" name="Default suite" finished-at="2023-12-04T10:49:07 CST" duration-ms="8075">
    <groups>
      <group name="cucumber">
        <method signature="AbstractTestNGCucumberTests.runScenario(io.cucumber.testng.PickleWrapper,io.cucumber.testng.FeatureWrapper)[pri:0, instance:TestRunner.CucumberTestRunner@65fb9ffc]" name="runScenario" class="io.cucumber.testng.AbstractTestNGCucumberTests"/>
      </group> <!-- cucumber -->
    </groups>
    <test started-at="2023-12-04T10:48:59 CST" name="Default test" finished-at="2023-12-04T10:49:07 CST" duration-ms="8075">
      <class name="TestRunner.CucumberTestRunner">
        <test-method is-config="true" signature="setUpClass(org.testng.ITestContext)[pri:0, instance:TestRunner.CucumberTestRunner@65fb9ffc]" started-at="2023-12-04T10:48:59 CST" name="setUpClass" finished-at="2023-12-04T10:49:00 CST" duration-ms="630" status="PASS">
          <params>
            <param index="0">
              <value>
                <![CDATA[org.testng.TestRunner@7df76d99]]>
              </value>
            </param>
          </params>
          <reporter-output>
          </reporter-output>
        </test-method> <!-- setUpClass -->
        <test-method signature="runScenario(io.cucumber.testng.PickleWrapper,io.cucumber.testng.FeatureWrapper)[pri:0, instance:TestRunner.CucumberTestRunner@65fb9ffc]" started-at="2023-12-04T10:49:00 CST" name="runScenario" description="Runs Cucumber Scenarios" data-provider="scenarios" finished-at="2023-12-04T10:49:07 CST" duration-ms="7354" status="PASS">
          <params>
            <param index="0">
              <value>
                <![CDATA["Comprobar inicio de sesión con credenciales válidas"]]>
              </value>
            </param>
            <param index="1">
              <value>
                <![CDATA["Automatización de la página de inicio de sesión de SauceDemo App"]]>
              </value>
            </param>
          </params>
          <reporter-output>
          </reporter-output>
        </test-method> <!-- runScenario -->
        <test-method is-config="true" signature="tearDownClass()[pri:0, instance:TestRunner.CucumberTestRunner@65fb9ffc]" started-at="2023-12-04T10:49:07 CST" name="tearDownClass" finished-at="2023-12-04T10:49:07 CST" duration-ms="40" status="PASS">
          <reporter-output>
          </reporter-output>
        </test-method> <!-- tearDownClass -->
      </class> <!-- TestRunner.CucumberTestRunner -->
    </test> <!-- Default test -->
  </suite> <!-- Default suite -->
</testng-results>
